<?xml version="1.0" encoding="UTF-8"?>
<testsuite xmlns:xsi="http://www.w3.org/2001/XMLSchema-instance" xsi:noNamespaceSchemaLocation="https://maven.apache.org/surefire/maven-surefire-plugin/xsd/surefire-test-report.xsd" name="globalbi_poc.testsimple_0_1.testsimpletest_0_1.TestSimpleTestTest" time="0.155" tests="1" errors="0" skipped="0" failures="1">
  <properties>
    <property name="java.runtime.name" value="OpenJDK Runtime Environment"/>
    <property name="sun.boot.library.path" value="C:\Talend SW\java-1.8.0-openjdk-1.8.0.232-3.b09.redhat.windows.x86_64\jre\bin"/>
    <property name="java.vm.version" value="25.232-b09"/>
    <property name="java.vm.vendor" value=""/>
    <property name="maven.multiModuleProjectDirectory" value="C:\Talendlocal\Talend-Studio-20190620_1446-V7.2.1\workspace\GLOBALBI_POC\poms\jobs\process\testsimple_0.1"/>
    <property name="java.vendor.url" value="http://java.oracle.com/"/>
    <property name="path.separator" value=";"/>
    <property name="guice.disable.misplaced.annotation.check" value="true"/>
    <property name="java.vm.name" value="OpenJDK 64-Bit Server VM"/>
    <property name="file.encoding.pkg" value="sun.io"/>
    <property name="user.script" value=""/>
    <property name="user.country" value="IN"/>
    <property name="sun.java.launcher" value="SUN_STANDARD"/>
    <property name="sun.os.patch.level" value=""/>
    <property name="java.vm.specification.name" value="Java Virtual Machine Specification"/>
    <property name="user.dir" value="C:\Talendlocal\Talend-Studio-20190620_1446-V7.2.1\workspace\GLOBALBI_POC\poms\jobs\process\testsimple_0.1"/>
    <property name="java.runtime.version" value="1.8.0_232-b09"/>
    <property name="java.awt.graphicsenv" value="sun.awt.Win32GraphicsEnvironment"/>
    <property name="java.endorsed.dirs" value="C:\Talend SW\java-1.8.0-openjdk-1.8.0.232-3.b09.redhat.windows.x86_64\jre\lib\endorsed"/>
    <property name="os.arch" value="amd64"/>
    <property name="java.io.tmpdir" value="C:\Users\ndh70539\AppData\Local\Temp\"/>
    <property name="line.separator" value="&#10;"/>
    <property name="java.vm.specification.vendor" value="Oracle Corporation"/>
    <property name="user.variant" value=""/>
    <property name="os.name" value="Windows 10"/>
    <property name="classworlds.conf" value="C:\Talendlocal\Talend-Studio-20190620_1446-V7.2.1\workspace\.metadata\.plugins\org.eclipse.m2e.launching\launches\m2conf6097477136693149079.tmp"/>
    <property name="sun.jnu.encoding" value="Cp1252"/>
    <property name="java.library.path" value="C:\Talend SW\java-1.8.0-openjdk-1.8.0.232-3.b09.redhat.windows.x86_64\bin;C:\Windows\Sun\Java\bin;C:\Windows\system32;C:\Windows;C:/Talend SW/java-1.8.0-openjdk-1.8.0.232-3.b09.redhat.windows.x86_64/bin/../jre/bin/server;C:/Talend SW/java-1.8.0-openjdk-1.8.0.232-3.b09.redhat.windows.x86_64/bin/../jre/bin;C:/Talend SW/java-1.8.0-openjdk-1.8.0.232-3.b09.redhat.windows.x86_64/bin/../jre/lib/amd64;C:\Talend SW\java-1.8.0-openjdk-1.8.0.232-3.b09.redhat.windows.x86_64\bin;C:\Program Files (x86)\Common Files\Oracle\Java\javapath;C:\Windows\system32;C:\Windows;C:\Windows\System32\Wbem;C:\Windows\System32\WindowsPowerShell\v1.0\;C:\Windows\System32\OpenSSH\;C:\Program Files\SafeNet\Authentication\SAC\x64;C:\Program Files\SafeNet\Authentication\SAC\x32;C:\Talend SW\apache-maven-3.6.3\bin;C:\Program Files\PuTTY\;C:\Users\ndh70539\AppData\Local\Microsoft\WindowsApps;C:\Users\ndh70539\AppData\Local\Programs\Git\cmd;C:\Users\ndh70539\AppData\Local\Programs\Microsoft VS Code\bin;C:\Users\ndh70539\AppData\Local\Programs\Fiddler;C:\Talendlocal\Talend-Studio-20190620_1446-V7.2.1;;."/>
    <property name="java.specification.name" value="Java Platform API Specification"/>
    <property name="java.class.version" value="52.0"/>
    <property name="sun.management.compiler" value="HotSpot 64-Bit Tiered Compilers"/>
    <property name="os.version" value="10.0"/>
    <property name="user.home" value="C:\Users\ndh70539"/>
    <property name="user.timezone" value="Asia/Calcutta"/>
    <property name="java.awt.printerjob" value="sun.awt.windows.WPrinterJob"/>
    <property name="java.specification.version" value="1.8"/>
    <property name="file.encoding" value="UTF-8"/>
    <property name="user.name" value="NDH70539"/>
    <property name="java.class.path" value="C:\Talendlocal\Talend-Studio-20190620_1446-V7.2.1\plugins\org.eclipse.m2e.maven.runtime_1.10.0.20181127-2120\jars\plexus-classworlds-2.5.2.jar"/>
    <property name="java.vm.specification.version" value="1.8"/>
    <property name="sun.arch.data.model" value="64"/>
    <property name="java.home" value="C:\Talend SW\java-1.8.0-openjdk-1.8.0.232-3.b09.redhat.windows.x86_64\jre"/>
    <property name="sun.java.command" value="org.codehaus.plexus.classworlds.launcher.Launcher -B -o -s C:\Talendlocal\Talend-Studio-20190620_1446-V7.2.1\configuration\maven_user_settings.xml test -llr -l C:/Talendlocal/Talend-Studio-20190620_1446-V7.2.1/workspace/GLOBALBI_POC/poms/jobs/process/testsimple_0.1/lastGenerated.log -Dci.builder.skip=true"/>
    <property name="java.specification.vendor" value="Oracle Corporation"/>
    <property name="user.language" value="en"/>
    <property name="awt.toolkit" value="sun.awt.windows.WToolkit"/>
    <property name="java.vm.info" value="mixed mode"/>
    <property name="java.version" value="1.8.0_232"/>
    <property name="ci.builder.skip" value="true"/>
    <property name="java.ext.dirs" value="C:\Talend SW\java-1.8.0-openjdk-1.8.0.232-3.b09.redhat.windows.x86_64\jre\lib\ext;C:\Windows\Sun\Java\lib\ext"/>
    <property name="sun.boot.class.path" value="C:\Talend SW\java-1.8.0-openjdk-1.8.0.232-3.b09.redhat.windows.x86_64\jre\lib\resources.jar;C:\Talend SW\java-1.8.0-openjdk-1.8.0.232-3.b09.redhat.windows.x86_64\jre\lib\rt.jar;C:\Talend SW\java-1.8.0-openjdk-1.8.0.232-3.b09.redhat.windows.x86_64\jre\lib\sunrsasign.jar;C:\Talend SW\java-1.8.0-openjdk-1.8.0.232-3.b09.redhat.windows.x86_64\jre\lib\jsse.jar;C:\Talend SW\java-1.8.0-openjdk-1.8.0.232-3.b09.redhat.windows.x86_64\jre\lib\jce.jar;C:\Talend SW\java-1.8.0-openjdk-1.8.0.232-3.b09.redhat.windows.x86_64\jre\lib\charsets.jar;C:\Talend SW\java-1.8.0-openjdk-1.8.0.232-3.b09.redhat.windows.x86_64\jre\lib\jfr.jar;C:\Talend SW\java-1.8.0-openjdk-1.8.0.232-3.b09.redhat.windows.x86_64\jre\classes"/>
    <property name="java.vendor" value="Oracle Corporation"/>
    <property name="maven.home" value="C:\Talendlocal\Talend-Studio-20190620_1446-V7.2.1\workspace\GLOBALBI_POC\poms\jobs\process\testsimple_0.1\EMBEDDED"/>
    <property name="file.separator" value="\"/>
    <property name="java.vendor.url.bug" value="http://bugreport.sun.com/bugreport/"/>
    <property name="sun.cpu.endian" value="little"/>
    <property name="sun.io.unicode.encoding" value="UnicodeLittle"/>
    <property name="sun.desktop" value="windows"/>
    <property name="sun.cpu.isalist" value="amd64"/>
  </properties>
  <testcase name="globalbi_poc.testsimple_0_1.testsimpletest_0_1.TestSimpleTestTest.testDefault" classname="globalbi_poc.testsimple_0_1.testsimpletest_0_1.TestSimpleTestTest" time="0.153">
    <failure type="java.io.FileNotFoundException:"><![CDATA[java.io.FileNotFoundException: 
	at java.io.FileInputStream.open0(Native Method)
	at java.io.FileInputStream.open(FileInputStream.java:195)
	at java.io.FileInputStream.<init>(FileInputStream.java:138)
	at java.io.FileInputStream.<init>(FileInputStream.java:93)
	at globalbi_poc.testsimple_0_1.testsimpletest_0_1.TestSimpleTestTest.tFileCompare_1Process(TestSimpleTestTest.java:1654)
	at globalbi_poc.testsimple_0_1.testsimpletest_0_1.TestSimpleTestTest.tFileInputDelimited_1Process(TestSimpleTestTest.java:1496)
	at globalbi_poc.testsimple_0_1.testsimpletest_0_1.TestSimpleTestTest.tCreateTemporaryFile_1Process(TestSimpleTestTest.java:530)
	at globalbi_poc.testsimple_0_1.testsimpletest_0_1.TestSimpleTestTest.runJobInTOS(TestSimpleTestTest.java:2332)
	at globalbi_poc.testsimple_0_1.testsimpletest_0_1.TestSimpleTestTest.testDefault(TestSimpleTestTest.java:2141)
]]></failure>
    <system-err><![CDATA[log4j:WARN No appenders could be found for logger (globalbi_poc.testsimple_0_1.testsimpletest_0_1.TestSimpleTestTest).
log4j:WARN Please initialize the log4j system properly.
log4j:WARN See http://logging.apache.org/log4j/1.2/faq.html#noconfig for more info.

Exception in component tFileCompare_1 (TestSimpleTest)
java.io.FileNotFoundException: 
	at java.io.FileInputStream.open0(Native Method)
	at java.io.FileInputStream.open(FileInputStream.java:195)
	at java.io.FileInputStream.<init>(FileInputStream.java:138)
	at java.io.FileInputStream.<init>(FileInputStream.java:93)
	at globalbi_poc.testsimple_0_1.testsimpletest_0_1.TestSimpleTestTest.tFileCompare_1Process(TestSimpleTestTest.java:1654)
	at globalbi_poc.testsimple_0_1.testsimpletest_0_1.TestSimpleTestTest.tFileInputDelimited_1Process(TestSimpleTestTest.java:1496)
	at globalbi_poc.testsimple_0_1.testsimpletest_0_1.TestSimpleTestTest.tCreateTemporaryFile_1Process(TestSimpleTestTest.java:530)
	at globalbi_poc.testsimple_0_1.testsimpletest_0_1.TestSimpleTestTest.runJobInTOS(TestSimpleTestTest.java:2332)
	at globalbi_poc.testsimple_0_1.testsimpletest_0_1.TestSimpleTestTest.testDefault(TestSimpleTestTest.java:2141)
	at sun.reflect.NativeMethodAccessorImpl.invoke0(Native Method)
	at sun.reflect.NativeMethodAccessorImpl.invoke(NativeMethodAccessorImpl.java:62)
	at sun.reflect.DelegatingMethodAccessorImpl.invoke(DelegatingMethodAccessorImpl.java:43)
	at java.lang.reflect.Method.invoke(Method.java:498)
	at org.apache.maven.surefire.junit.PojoTestSet.executeTestMethod(PojoTestSet.java:154)
	at org.apache.maven.surefire.junit.PojoTestSet.executeTestMethods(PojoTestSet.java:105)
	at org.apache.maven.surefire.junit.PojoTestSet.execute(PojoTestSet.java:86)
	at org.apache.maven.surefire.junit.JUnit3Provider.executeTestSet(JUnit3Provider.java:135)
	at org.apache.maven.surefire.junit.JUnit3Provider.invoke(JUnit3Provider.java:109)
	at org.apache.maven.surefire.booter.ForkedBooter.invokeProviderInSameClassLoader(ForkedBooter.java:386)
	at org.apache.maven.surefire.booter.ForkedBooter.runSuitesInProcess(ForkedBooter.java:323)
	at org.apache.maven.surefire.booter.ForkedBooter.main(ForkedBooter.java:143)
]]></system-err>
  </testcase>
</testsuite>