[INFO] Disabling enhanced local repository: using legacy is strongly discouraged to ensure build reproducibility.
[INFO] Scanning for projects...
[INFO] 
[INFO] --------------< org.example.globalbi_poc.job:TestSimple >---------------
[INFO] Building GLOBALBI_POC TestSimple-0.1.0 (0.1,Job Designs) 0.1.0
[INFO] --------------------------------[ jar ]---------------------------------
[INFO] 
[INFO] --- builder-maven-plugin:7.2.1:generate (default) @ TestSimple ---
[INFO] Skipping ci-builder
[INFO] 
[INFO] --- maven-resources-plugin:3.0.2:resources (default-resources) @ TestSimple ---
[WARNING] Using platform encoding (UTF-8 actually) to copy filtered resources, i.e. build is platform dependent!
[INFO] Copying 1 resource
[INFO] 
[INFO] --- maven-compiler-plugin:3.6.1:compile (default-compile) @ TestSimple ---
[INFO] Changes detected - recompiling the module!
[INFO] Compiling 1 source file to C:\Talendlocal\Talend-Studio-20190620_1446-V7.2.1\workspace\GLOBALBI_POC\poms\jobs\process\testsimple_0.1\target\classes
[INFO] 
[INFO] --- maven-resources-plugin:3.0.2:testResources (default-testResources) @ TestSimple ---
[WARNING] Using platform encoding (UTF-8 actually) to copy filtered resources, i.e. build is platform dependent!
[INFO] Copying 1 resource
[INFO] 
[INFO] --- maven-compiler-plugin:3.6.1:testCompile (default-testCompile) @ TestSimple ---
[INFO] Changes detected - recompiling the module!
[INFO] Compiling 1 source file to C:\Talendlocal\Talend-Studio-20190620_1446-V7.2.1\workspace\GLOBALBI_POC\poms\jobs\process\testsimple_0.1\target\test-classes
[INFO] 
[INFO] --- maven-surefire-plugin:2.20:test (default-test) @ TestSimple ---
[INFO] 
[INFO] -------------------------------------------------------
[INFO]  T E S T S
[INFO] -------------------------------------------------------
[INFO] Running globalbi_poc.testsimple_0_1.testsimpletest_0_1.TestSimpleTestTest
log4j:WARN No appenders could be found for logger (globalbi_poc.testsimple_0_1.testsimpletest_0_1.TestSimpleTestTest).
log4j:WARN Please initialize the log4j system properly.
log4j:WARN See http://logging.apache.org/log4j/1.2/faq.html#noconfig for more info.

Exception in component tFileCompare_1 (TestSimpleTest)
java.io.FileNotFoundException: 
	at java.io.FileInputStream.open0(Native Method)
	at java.io.FileInputStream.open(FileInputStream.java:195)
	at java.io.FileInputStream.<init>(FileInputStream.java:138)
	at java.io.FileInputStream.<init>(FileInputStream.java:93)
	at globalbi_poc.testsimple_0_1.testsimpletest_0_1.TestSimpleTestTest.tFileCompare_1Process(TestSimpleTestTest.java:1654)
	at globalbi_poc.testsimple_0_1.testsimpletest_0_1.TestSimpleTestTest.tFileInputDelimited_1Process(TestSimpleTestTest.java:1496)
	at globalbi_poc.testsimple_0_1.testsimpletest_0_1.TestSimpleTestTest.tCreateTemporaryFile_1Process(TestSimpleTestTest.java:530)
	at globalbi_poc.testsimple_0_1.testsimpletest_0_1.TestSimpleTestTest.runJobInTOS(TestSimpleTestTest.java:2332)
	at globalbi_poc.testsimple_0_1.testsimpletest_0_1.TestSimpleTestTest.testDefault(TestSimpleTestTest.java:2141)
	at sun.reflect.NativeMethodAccessorImpl.invoke0(Native Method)
	at sun.reflect.NativeMethodAccessorImpl.invoke(NativeMethodAccessorImpl.java:62)
	at sun.reflect.DelegatingMethodAccessorImpl.invoke(DelegatingMethodAccessorImpl.java:43)
	at java.lang.reflect.Method.invoke(Method.java:498)
	at org.apache.maven.surefire.junit.PojoTestSet.executeTestMethod(PojoTestSet.java:154)
	at org.apache.maven.surefire.junit.PojoTestSet.executeTestMethods(PojoTestSet.java:105)
	at org.apache.maven.surefire.junit.PojoTestSet.execute(PojoTestSet.java:86)
	at org.apache.maven.surefire.junit.JUnit3Provider.executeTestSet(JUnit3Provider.java:135)
	at org.apache.maven.surefire.junit.JUnit3Provider.invoke(JUnit3Provider.java:109)
	at org.apache.maven.surefire.booter.ForkedBooter.invokeProviderInSameClassLoader(ForkedBooter.java:386)
	at org.apache.maven.surefire.booter.ForkedBooter.runSuitesInProcess(ForkedBooter.java:323)
	at org.apache.maven.surefire.booter.ForkedBooter.main(ForkedBooter.java:143)
[ERROR] Tests run: 1, Failures: 1, Errors: 0, Skipped: 0, Time elapsed: 0.155 s <<< FAILURE! - in globalbi_poc.testsimple_0_1.testsimpletest_0_1.TestSimpleTestTest
[ERROR] globalbi_poc.testsimple_0_1.testsimpletest_0_1.TestSimpleTestTest.testDefault()  Time elapsed: 0.153 s  <<< FAILURE!
java.io.FileNotFoundException: 
	at java.io.FileInputStream.open0(Native Method)
	at java.io.FileInputStream.open(FileInputStream.java:195)
	at java.io.FileInputStream.<init>(FileInputStream.java:138)
	at java.io.FileInputStream.<init>(FileInputStream.java:93)
	at globalbi_poc.testsimple_0_1.testsimpletest_0_1.TestSimpleTestTest.tFileCompare_1Process(TestSimpleTestTest.java:1654)
	at globalbi_poc.testsimple_0_1.testsimpletest_0_1.TestSimpleTestTest.tFileInputDelimited_1Process(TestSimpleTestTest.java:1496)
	at globalbi_poc.testsimple_0_1.testsimpletest_0_1.TestSimpleTestTest.tCreateTemporaryFile_1Process(TestSimpleTestTest.java:530)
	at globalbi_poc.testsimple_0_1.testsimpletest_0_1.TestSimpleTestTest.runJobInTOS(TestSimpleTestTest.java:2332)
	at globalbi_poc.testsimple_0_1.testsimpletest_0_1.TestSimpleTestTest.testDefault(TestSimpleTestTest.java:2141)

[INFO] 
[INFO] Results:
[INFO] 
[ERROR] Failures: 
[ERROR]   globalbi_poc.testsimple_0_1.testsimpletest_0_1.TestSimpleTestTest#testDefault FileNotFoundException
[INFO] 
[ERROR] Tests run: 1, Failures: 1, Errors: 0, Skipped: 0
[INFO] 
[INFO] ------------------------------------------------------------------------
[INFO] BUILD FAILURE
[INFO] ------------------------------------------------------------------------
[INFO] Total time: 5.866 s
[INFO] Finished at: 2019-12-18T11:48:28+05:30
[INFO] ------------------------------------------------------------------------
[ERROR] Failed to execute goal org.apache.maven.plugins:maven-surefire-plugin:2.20:test (default-test) on project TestSimple: There are test failures.
[ERROR] 
[ERROR] Please refer to C:\Talendlocal\Talend-Studio-20190620_1446-V7.2.1\workspace\GLOBALBI_POC\poms\jobs\process\testsimple_0.1\target\surefire-reports for the individual test results.
[ERROR] Please refer to dump files (if any exist) [date]-jvmRun[N].dump, [date].dumpstream and [date]-jvmRun[N].dumpstream.
[ERROR] -> [Help 1]
[ERROR] 
[ERROR] To see the full stack trace of the errors, re-run Maven with the -e switch.
[ERROR] Re-run Maven using the -X switch to enable full debug logging.
[ERROR] 
[ERROR] For more information about the errors and possible solutions, please read the following articles:
[ERROR] [Help 1] http://cwiki.apache.org/confluence/display/MAVEN/MojoFailureException
